The system is: Linux - 4.4.0-19041-Microsoft - x86_64
Compiling the C compiler identification source file "CMakeCCompilerId.c" succeeded.
Compiler: /mnt/d/clangllvm/bin/clang 
Build flags: -nostdlib;-gdwarf-2;-fshort-enums;-mcpu=cortex-m7;-mthumb;-mfpu=fpv5-d16;-mfloat-abi=hard;;-O2;-Wall;-fdata-sections;-ffunction-sections;-g;-I/mnt/d/gcc-arm-none-eabi-8-2019-q3-update/arm-none-eabi/include;;-fmessage-length=0;;-target;arm-none-eabi;-std=gnu90;
Id flags:  

The output was:
0
ld.lld: warning: cannot find entry symbol _start; defaulting to 0x11000


Compilation of the C compiler identification source "CMakeCCompilerId.c" produced "a.out"

The C compiler identification is Clang, found in "/mnt/d/demo/build/CMakeFiles/3.10.2/CompilerIdC/a.out"

Compiling the CXX compiler identification source file "CMakeCXXCompilerId.cpp" succeeded.
Compiler: /mnt/d/clangllvm/bin/clang 
Build flags: -nostdlib;-gdwarf-2;-fshort-enums;-mcpu=cortex-m7;-mthumb;-mfpu=fpv5-d16;-mfloat-abi=hard;;-O2;-Wall;-fdata-sections;-ffunction-sections;-g;-I/mnt/d/gcc-arm-none-eabi-8-2019-q3-update/arm-none-eabi/include;-fmessage-length=0;-target;arm-none-eabi;-std=c++11;
Id flags:  

The output was:
0
ld.lld: warning: cannot find entry symbol _start; defaulting to 0x11000


Compilation of the CXX compiler identification source "CMakeCXXCompilerId.cpp" produced "a.out"

The CXX compiler identification is Clang, found in "/mnt/d/demo/build/CMakeFiles/3.10.2/CompilerIdCXX/a.out"

Determining if the C compiler works passed with the following output:
Change Dir: /mnt/d/demo/build/CMakeFiles/CMakeTmp

Run Build Command:"/usr/bin/make" "cmTC_56f2f/fast"
/usr/bin/make -f CMakeFiles/cmTC_56f2f.dir/build.make CMakeFiles/cmTC_56f2f.dir/build
make[1]: Entering directory '/mnt/d/demo/build/CMakeFiles/CMakeTmp'
Building C object CMakeFiles/cmTC_56f2f.dir/testCCompiler.c.o
/mnt/d/clangllvm/bin/clang   -nostdlib -gdwarf-2 -fshort-enums -mcpu=cortex-m7 -mthumb -mfpu=fpv5-d16 -mfloat-abi=hard  -O2 -Wall -fdata-sections -ffunction-sections -g -I/mnt/d/gcc-arm-none-eabi-8-2019-q3-update/arm-none-eabi/include  -fmessage-length=0  -target arm-none-eabi -std=gnu90     -o CMakeFiles/cmTC_56f2f.dir/testCCompiler.c.o   -c /mnt/d/demo/build/CMakeFiles/CMakeTmp/testCCompiler.c
Linking C static library libcmTC_56f2f.a
/usr/bin/cmake -P CMakeFiles/cmTC_56f2f.dir/cmake_clean_target.cmake
/usr/bin/cmake -E cmake_link_script CMakeFiles/cmTC_56f2f.dir/link.txt --verbose=1
/usr/bin/ar qc libcmTC_56f2f.a  CMakeFiles/cmTC_56f2f.dir/testCCompiler.c.o
/usr/bin/ranlib libcmTC_56f2f.a
make[1]: Leaving directory '/mnt/d/demo/build/CMakeFiles/CMakeTmp'


Detecting C compiler ABI info compiled with the following output:
Change Dir: /mnt/d/demo/build/CMakeFiles/CMakeTmp

Run Build Command:"/usr/bin/make" "cmTC_10487/fast"
/usr/bin/make -f CMakeFiles/cmTC_10487.dir/build.make CMakeFiles/cmTC_10487.dir/build
make[1]: Entering directory '/mnt/d/demo/build/CMakeFiles/CMakeTmp'
Building C object CMakeFiles/cmTC_10487.dir/CMakeCCompilerABI.c.o
/mnt/d/clangllvm/bin/clang   -nostdlib -gdwarf-2 -fshort-enums -mcpu=cortex-m7 -mthumb -mfpu=fpv5-d16 -mfloat-abi=hard  -O2 -Wall -fdata-sections -ffunction-sections -g -I/mnt/d/gcc-arm-none-eabi-8-2019-q3-update/arm-none-eabi/include  -fmessage-length=0  -target arm-none-eabi -std=gnu90     -o CMakeFiles/cmTC_10487.dir/CMakeCCompilerABI.c.o   -c /usr/share/cmake-3.10/Modules/CMakeCCompilerABI.c
Linking C static library libcmTC_10487.a
/usr/bin/cmake -P CMakeFiles/cmTC_10487.dir/cmake_clean_target.cmake
/usr/bin/cmake -E cmake_link_script CMakeFiles/cmTC_10487.dir/link.txt --verbose=1
/usr/bin/ar qc libcmTC_10487.a  CMakeFiles/cmTC_10487.dir/CMakeCCompilerABI.c.o
/usr/bin/ranlib libcmTC_10487.a
make[1]: Leaving directory '/mnt/d/demo/build/CMakeFiles/CMakeTmp'


Parsed C implicit link information from above output:
  link line regex: [^( *|.*[/\])(ld|CMAKE_LINK_STARTFILE-NOTFOUND|([^/\]+-)?ld|collect2)[^/\]*( |$)]
  ignore line: [Change Dir: /mnt/d/demo/build/CMakeFiles/CMakeTmp]
  ignore line: []
  ignore line: [Run Build Command:"/usr/bin/make" "cmTC_10487/fast"]
  ignore line: [/usr/bin/make -f CMakeFiles/cmTC_10487.dir/build.make CMakeFiles/cmTC_10487.dir/build]
  ignore line: [make[1]: Entering directory '/mnt/d/demo/build/CMakeFiles/CMakeTmp']
  ignore line: [Building C object CMakeFiles/cmTC_10487.dir/CMakeCCompilerABI.c.o]
  ignore line: [/mnt/d/clangllvm/bin/clang   -nostdlib -gdwarf-2 -fshort-enums -mcpu=cortex-m7 -mthumb -mfpu=fpv5-d16 -mfloat-abi=hard  -O2 -Wall -fdata-sections -ffunction-sections -g -I/mnt/d/gcc-arm-none-eabi-8-2019-q3-update/arm-none-eabi/include  -fmessage-length=0  -target arm-none-eabi -std=gnu90     -o CMakeFiles/cmTC_10487.dir/CMakeCCompilerABI.c.o   -c /usr/share/cmake-3.10/Modules/CMakeCCompilerABI.c]
  ignore line: [Linking C static library libcmTC_10487.a]
  ignore line: [/usr/bin/cmake -P CMakeFiles/cmTC_10487.dir/cmake_clean_target.cmake]
  ignore line: [/usr/bin/cmake -E cmake_link_script CMakeFiles/cmTC_10487.dir/link.txt --verbose=1]
  ignore line: [/usr/bin/ar qc libcmTC_10487.a  CMakeFiles/cmTC_10487.dir/CMakeCCompilerABI.c.o]
  ignore line: [/usr/bin/ranlib libcmTC_10487.a]
  ignore line: [make[1]: Leaving directory '/mnt/d/demo/build/CMakeFiles/CMakeTmp']
  ignore line: []
  implicit libs: []
  implicit dirs: []
  implicit fwks: []




Detecting C [-std=c11] compiler features compiled with the following output:
Change Dir: /mnt/d/demo/build/CMakeFiles/CMakeTmp

Run Build Command:"/usr/bin/make" "cmTC_5525f/fast"
/usr/bin/make -f CMakeFiles/cmTC_5525f.dir/build.make CMakeFiles/cmTC_5525f.dir/build
make[1]: Entering directory '/mnt/d/demo/build/CMakeFiles/CMakeTmp'
Building C object CMakeFiles/cmTC_5525f.dir/feature_tests.c.o
/mnt/d/clangllvm/bin/clang   -nostdlib -gdwarf-2 -fshort-enums -mcpu=cortex-m7 -mthumb -mfpu=fpv5-d16 -mfloat-abi=hard  -O2 -Wall -fdata-sections -ffunction-sections -g -I/mnt/d/gcc-arm-none-eabi-8-2019-q3-update/arm-none-eabi/include  -fmessage-length=0  -target arm-none-eabi -std=gnu90     -std=c11 -o CMakeFiles/cmTC_5525f.dir/feature_tests.c.o   -c /mnt/d/demo/build/CMakeFiles/feature_tests.c
Linking C static library libcmTC_5525f.a
/usr/bin/cmake -P CMakeFiles/cmTC_5525f.dir/cmake_clean_target.cmake
/usr/bin/cmake -E cmake_link_script CMakeFiles/cmTC_5525f.dir/link.txt --verbose=1
/usr/bin/ar qc libcmTC_5525f.a  CMakeFiles/cmTC_5525f.dir/feature_tests.c.o
/usr/bin/ranlib libcmTC_5525f.a
make[1]: Leaving directory '/mnt/d/demo/build/CMakeFiles/CMakeTmp'


    Feature record: C_FEATURE:1c_function_prototypes
    Feature record: C_FEATURE:1c_restrict
    Feature record: C_FEATURE:1c_static_assert
    Feature record: C_FEATURE:1c_variadic_macros


Detecting C [-std=c99] compiler features compiled with the following output:
Change Dir: /mnt/d/demo/build/CMakeFiles/CMakeTmp

Run Build Command:"/usr/bin/make" "cmTC_3f629/fast"
/usr/bin/make -f CMakeFiles/cmTC_3f629.dir/build.make CMakeFiles/cmTC_3f629.dir/build
make[1]: Entering directory '/mnt/d/demo/build/CMakeFiles/CMakeTmp'
Building C object CMakeFiles/cmTC_3f629.dir/feature_tests.c.o
/mnt/d/clangllvm/bin/clang   -nostdlib -gdwarf-2 -fshort-enums -mcpu=cortex-m7 -mthumb -mfpu=fpv5-d16 -mfloat-abi=hard  -O2 -Wall -fdata-sections -ffunction-sections -g -I/mnt/d/gcc-arm-none-eabi-8-2019-q3-update/arm-none-eabi/include  -fmessage-length=0  -target arm-none-eabi -std=gnu90     -std=c99 -o CMakeFiles/cmTC_3f629.dir/feature_tests.c.o   -c /mnt/d/demo/build/CMakeFiles/feature_tests.c
Linking C static library libcmTC_3f629.a
/usr/bin/cmake -P CMakeFiles/cmTC_3f629.dir/cmake_clean_target.cmake
/usr/bin/cmake -E cmake_link_script CMakeFiles/cmTC_3f629.dir/link.txt --verbose=1
/usr/bin/ar qc libcmTC_3f629.a  CMakeFiles/cmTC_3f629.dir/feature_tests.c.o
/usr/bin/ranlib libcmTC_3f629.a
make[1]: Leaving directory '/mnt/d/demo/build/CMakeFiles/CMakeTmp'


    Feature record: C_FEATURE:1c_function_prototypes
    Feature record: C_FEATURE:1c_restrict
    Feature record: C_FEATURE:0c_static_assert
    Feature record: C_FEATURE:1c_variadic_macros


Detecting C [-std=c90] compiler features compiled with the following output:
Change Dir: /mnt/d/demo/build/CMakeFiles/CMakeTmp

Run Build Command:"/usr/bin/make" "cmTC_94221/fast"
/usr/bin/make -f CMakeFiles/cmTC_94221.dir/build.make CMakeFiles/cmTC_94221.dir/build
make[1]: Entering directory '/mnt/d/demo/build/CMakeFiles/CMakeTmp'
Building C object CMakeFiles/cmTC_94221.dir/feature_tests.c.o
/mnt/d/clangllvm/bin/clang   -nostdlib -gdwarf-2 -fshort-enums -mcpu=cortex-m7 -mthumb -mfpu=fpv5-d16 -mfloat-abi=hard  -O2 -Wall -fdata-sections -ffunction-sections -g -I/mnt/d/gcc-arm-none-eabi-8-2019-q3-update/arm-none-eabi/include  -fmessage-length=0  -target arm-none-eabi -std=gnu90     -std=c90 -o CMakeFiles/cmTC_94221.dir/feature_tests.c.o   -c /mnt/d/demo/build/CMakeFiles/feature_tests.c
Linking C static library libcmTC_94221.a
/usr/bin/cmake -P CMakeFiles/cmTC_94221.dir/cmake_clean_target.cmake
/usr/bin/cmake -E cmake_link_script CMakeFiles/cmTC_94221.dir/link.txt --verbose=1
/usr/bin/ar qc libcmTC_94221.a  CMakeFiles/cmTC_94221.dir/feature_tests.c.o
/usr/bin/ranlib libcmTC_94221.a
make[1]: Leaving directory '/mnt/d/demo/build/CMakeFiles/CMakeTmp'


    Feature record: C_FEATURE:1c_function_prototypes
    Feature record: C_FEATURE:0c_restrict
    Feature record: C_FEATURE:0c_static_assert
    Feature record: C_FEATURE:0c_variadic_macros
Determining if the CXX compiler works passed with the following output:
Change Dir: /mnt/d/demo/build/CMakeFiles/CMakeTmp

Run Build Command:"/usr/bin/make" "cmTC_9aab9/fast"
/usr/bin/make -f CMakeFiles/cmTC_9aab9.dir/build.make CMakeFiles/cmTC_9aab9.dir/build
make[1]: Entering directory '/mnt/d/demo/build/CMakeFiles/CMakeTmp'
Building CXX object CMakeFiles/cmTC_9aab9.dir/testCXXCompiler.cxx.o
/mnt/d/clangllvm/bin/clang    -nostdlib -gdwarf-2 -fshort-enums -mcpu=cortex-m7 -mthumb -mfpu=fpv5-d16 -mfloat-abi=hard  -O2 -Wall -fdata-sections -ffunction-sections -g -I/mnt/d/gcc-arm-none-eabi-8-2019-q3-update/arm-none-eabi/include -fmessage-length=0 -target arm-none-eabi -std=c++11     -o CMakeFiles/cmTC_9aab9.dir/testCXXCompiler.cxx.o -c /mnt/d/demo/build/CMakeFiles/CMakeTmp/testCXXCompiler.cxx
Linking CXX static library libcmTC_9aab9.a
/usr/bin/cmake -P CMakeFiles/cmTC_9aab9.dir/cmake_clean_target.cmake
/usr/bin/cmake -E cmake_link_script CMakeFiles/cmTC_9aab9.dir/link.txt --verbose=1
/usr/bin/ar qc libcmTC_9aab9.a  CMakeFiles/cmTC_9aab9.dir/testCXXCompiler.cxx.o
/usr/bin/ranlib libcmTC_9aab9.a
make[1]: Leaving directory '/mnt/d/demo/build/CMakeFiles/CMakeTmp'


Detecting CXX compiler ABI info compiled with the following output:
Change Dir: /mnt/d/demo/build/CMakeFiles/CMakeTmp

Run Build Command:"/usr/bin/make" "cmTC_447b6/fast"
/usr/bin/make -f CMakeFiles/cmTC_447b6.dir/build.make CMakeFiles/cmTC_447b6.dir/build
make[1]: Entering directory '/mnt/d/demo/build/CMakeFiles/CMakeTmp'
Building CXX object CMakeFiles/cmTC_447b6.dir/CMakeCXXCompilerABI.cpp.o
/mnt/d/clangllvm/bin/clang    -nostdlib -gdwarf-2 -fshort-enums -mcpu=cortex-m7 -mthumb -mfpu=fpv5-d16 -mfloat-abi=hard  -O2 -Wall -fdata-sections -ffunction-sections -g -I/mnt/d/gcc-arm-none-eabi-8-2019-q3-update/arm-none-eabi/include -fmessage-length=0 -target arm-none-eabi -std=c++11     -o CMakeFiles/cmTC_447b6.dir/CMakeCXXCompilerABI.cpp.o -c /usr/share/cmake-3.10/Modules/CMakeCXXCompilerABI.cpp
Linking CXX static library libcmTC_447b6.a
/usr/bin/cmake -P CMakeFiles/cmTC_447b6.dir/cmake_clean_target.cmake
/usr/bin/cmake -E cmake_link_script CMakeFiles/cmTC_447b6.dir/link.txt --verbose=1
/usr/bin/ar qc libcmTC_447b6.a  CMakeFiles/cmTC_447b6.dir/CMakeCXXCompilerABI.cpp.o
/usr/bin/ranlib libcmTC_447b6.a
make[1]: Leaving directory '/mnt/d/demo/build/CMakeFiles/CMakeTmp'


Parsed CXX implicit link information from above output:
  link line regex: [^( *|.*[/\])(ld|CMAKE_LINK_STARTFILE-NOTFOUND|([^/\]+-)?ld|collect2)[^/\]*( |$)]
  ignore line: [Change Dir: /mnt/d/demo/build/CMakeFiles/CMakeTmp]
  ignore line: []
  ignore line: [Run Build Command:"/usr/bin/make" "cmTC_447b6/fast"]
  ignore line: [/usr/bin/make -f CMakeFiles/cmTC_447b6.dir/build.make CMakeFiles/cmTC_447b6.dir/build]
  ignore line: [make[1]: Entering directory '/mnt/d/demo/build/CMakeFiles/CMakeTmp']
  ignore line: [Building CXX object CMakeFiles/cmTC_447b6.dir/CMakeCXXCompilerABI.cpp.o]
  ignore line: [/mnt/d/clangllvm/bin/clang    -nostdlib -gdwarf-2 -fshort-enums -mcpu=cortex-m7 -mthumb -mfpu=fpv5-d16 -mfloat-abi=hard  -O2 -Wall -fdata-sections -ffunction-sections -g -I/mnt/d/gcc-arm-none-eabi-8-2019-q3-update/arm-none-eabi/include -fmessage-length=0 -target arm-none-eabi -std=c++11     -o CMakeFiles/cmTC_447b6.dir/CMakeCXXCompilerABI.cpp.o -c /usr/share/cmake-3.10/Modules/CMakeCXXCompilerABI.cpp]
  ignore line: [Linking CXX static library libcmTC_447b6.a]
  ignore line: [/usr/bin/cmake -P CMakeFiles/cmTC_447b6.dir/cmake_clean_target.cmake]
  ignore line: [/usr/bin/cmake -E cmake_link_script CMakeFiles/cmTC_447b6.dir/link.txt --verbose=1]
  ignore line: [/usr/bin/ar qc libcmTC_447b6.a  CMakeFiles/cmTC_447b6.dir/CMakeCXXCompilerABI.cpp.o]
  ignore line: [/usr/bin/ranlib libcmTC_447b6.a]
  ignore line: [make[1]: Leaving directory '/mnt/d/demo/build/CMakeFiles/CMakeTmp']
  ignore line: []
  implicit libs: []
  implicit dirs: []
  implicit fwks: []




Detecting CXX [-std=c++1z] compiler features compiled with the following output:
Change Dir: /mnt/d/demo/build/CMakeFiles/CMakeTmp

Run Build Command:"/usr/bin/make" "cmTC_20deb/fast"
/usr/bin/make -f CMakeFiles/cmTC_20deb.dir/build.make CMakeFiles/cmTC_20deb.dir/build
make[1]: Entering directory '/mnt/d/demo/build/CMakeFiles/CMakeTmp'
Building CXX object CMakeFiles/cmTC_20deb.dir/feature_tests.cxx.o
/mnt/d/clangllvm/bin/clang    -nostdlib -gdwarf-2 -fshort-enums -mcpu=cortex-m7 -mthumb -mfpu=fpv5-d16 -mfloat-abi=hard  -O2 -Wall -fdata-sections -ffunction-sections -g -I/mnt/d/gcc-arm-none-eabi-8-2019-q3-update/arm-none-eabi/include -fmessage-length=0 -target arm-none-eabi -std=c++11     -std=c++1z -o CMakeFiles/cmTC_20deb.dir/feature_tests.cxx.o -c /mnt/d/demo/build/CMakeFiles/feature_tests.cxx
Linking CXX static library libcmTC_20deb.a
/usr/bin/cmake -P CMakeFiles/cmTC_20deb.dir/cmake_clean_target.cmake
/usr/bin/cmake -E cmake_link_script CMakeFiles/cmTC_20deb.dir/link.txt --verbose=1
/usr/bin/ar qc libcmTC_20deb.a  CMakeFiles/cmTC_20deb.dir/feature_tests.cxx.o
/usr/bin/ranlib libcmTC_20deb.a
make[1]: Leaving directory '/mnt/d/demo/build/CMakeFiles/CMakeTmp'


    Feature record: CXX_FEATURE:1cxx_aggregate_default_initializers
    Feature record: CXX_FEATURE:1cxx_alias_templates
    Feature record: CXX_FEATURE:1cxx_alignas
    Feature record: CXX_FEATURE:1cxx_alignof
    Feature record: CXX_FEATURE:1cxx_attributes
    Feature record: CXX_FEATURE:1cxx_attribute_deprecated
    Feature record: CXX_FEATURE:1cxx_auto_type
    Feature record: CXX_FEATURE:1cxx_binary_literals
    Feature record: CXX_FEATURE:1cxx_constexpr
    Feature record: CXX_FEATURE:1cxx_contextual_conversions
    Feature record: CXX_FEATURE:1cxx_decltype
    Feature record: CXX_FEATURE:1cxx_decltype_auto
    Feature record: CXX_FEATURE:1cxx_decltype_incomplete_return_types
    Feature record: CXX_FEATURE:1cxx_default_function_template_args
    Feature record: CXX_FEATURE:1cxx_defaulted_functions
    Feature record: CXX_FEATURE:1cxx_defaulted_move_initializers
    Feature record: CXX_FEATURE:1cxx_delegating_constructors
    Feature record: CXX_FEATURE:1cxx_deleted_functions
    Feature record: CXX_FEATURE:1cxx_digit_separators
    Feature record: CXX_FEATURE:1cxx_enum_forward_declarations
    Feature record: CXX_FEATURE:1cxx_explicit_conversions
    Feature record: CXX_FEATURE:1cxx_extended_friend_declarations
    Feature record: CXX_FEATURE:1cxx_extern_templates
    Feature record: CXX_FEATURE:1cxx_final
    Feature record: CXX_FEATURE:1cxx_func_identifier
    Feature record: CXX_FEATURE:1cxx_generalized_initializers
    Feature record: CXX_FEATURE:1cxx_generic_lambdas
    Feature record: CXX_FEATURE:1cxx_inheriting_constructors
    Feature record: CXX_FEATURE:1cxx_inline_namespaces
    Feature record: CXX_FEATURE:1cxx_lambdas
    Feature record: CXX_FEATURE:1cxx_lambda_init_captures
    Feature record: CXX_FEATURE:1cxx_local_type_template_args
    Feature record: CXX_FEATURE:1cxx_long_long_type
    Feature record: CXX_FEATURE:1cxx_noexcept
    Feature record: CXX_FEATURE:1cxx_nonstatic_member_init
    Feature record: CXX_FEATURE:1cxx_nullptr
    Feature record: CXX_FEATURE:1cxx_override
    Feature record: CXX_FEATURE:1cxx_range_for
    Feature record: CXX_FEATURE:1cxx_raw_string_literals
    Feature record: CXX_FEATURE:1cxx_reference_qualified_functions
    Feature record: CXX_FEATURE:1cxx_relaxed_constexpr
    Feature record: CXX_FEATURE:1cxx_return_type_deduction
    Feature record: CXX_FEATURE:1cxx_right_angle_brackets
    Feature record: CXX_FEATURE:1cxx_rvalue_references
    Feature record: CXX_FEATURE:1cxx_sizeof_member
    Feature record: CXX_FEATURE:1cxx_static_assert
    Feature record: CXX_FEATURE:1cxx_strong_enums
    Feature record: CXX_FEATURE:1cxx_template_template_parameters
    Feature record: CXX_FEATURE:1cxx_thread_local
    Feature record: CXX_FEATURE:1cxx_trailing_return_types
    Feature record: CXX_FEATURE:1cxx_unicode_literals
    Feature record: CXX_FEATURE:1cxx_uniform_initialization
    Feature record: CXX_FEATURE:1cxx_unrestricted_unions
    Feature record: CXX_FEATURE:1cxx_user_literals
    Feature record: CXX_FEATURE:1cxx_variable_templates
    Feature record: CXX_FEATURE:1cxx_variadic_macros
    Feature record: CXX_FEATURE:1cxx_variadic_templates


Detecting CXX [-std=c++14] compiler features compiled with the following output:
Change Dir: /mnt/d/demo/build/CMakeFiles/CMakeTmp

Run Build Command:"/usr/bin/make" "cmTC_dcab6/fast"
/usr/bin/make -f CMakeFiles/cmTC_dcab6.dir/build.make CMakeFiles/cmTC_dcab6.dir/build
make[1]: Entering directory '/mnt/d/demo/build/CMakeFiles/CMakeTmp'
Building CXX object CMakeFiles/cmTC_dcab6.dir/feature_tests.cxx.o
/mnt/d/clangllvm/bin/clang    -nostdlib -gdwarf-2 -fshort-enums -mcpu=cortex-m7 -mthumb -mfpu=fpv5-d16 -mfloat-abi=hard  -O2 -Wall -fdata-sections -ffunction-sections -g -I/mnt/d/gcc-arm-none-eabi-8-2019-q3-update/arm-none-eabi/include -fmessage-length=0 -target arm-none-eabi -std=c++11     -std=c++14 -o CMakeFiles/cmTC_dcab6.dir/feature_tests.cxx.o -c /mnt/d/demo/build/CMakeFiles/feature_tests.cxx
Linking CXX static library libcmTC_dcab6.a
/usr/bin/cmake -P CMakeFiles/cmTC_dcab6.dir/cmake_clean_target.cmake
/usr/bin/cmake -E cmake_link_script CMakeFiles/cmTC_dcab6.dir/link.txt --verbose=1
/usr/bin/ar qc libcmTC_dcab6.a  CMakeFiles/cmTC_dcab6.dir/feature_tests.cxx.o
/usr/bin/ranlib libcmTC_dcab6.a
make[1]: Leaving directory '/mnt/d/demo/build/CMakeFiles/CMakeTmp'


    Feature record: CXX_FEATURE:1cxx_aggregate_default_initializers
    Feature record: CXX_FEATURE:1cxx_alias_templates
    Feature record: CXX_FEATURE:1cxx_alignas
    Feature record: CXX_FEATURE:1cxx_alignof
    Feature record: CXX_FEATURE:1cxx_attributes
    Feature record: CXX_FEATURE:1cxx_attribute_deprecated
    Feature record: CXX_FEATURE:1cxx_auto_type
    Feature record: CXX_FEATURE:1cxx_binary_literals
    Feature record: CXX_FEATURE:1cxx_constexpr
    Feature record: CXX_FEATURE:1cxx_contextual_conversions
    Feature record: CXX_FEATURE:1cxx_decltype
    Feature record: CXX_FEATURE:1cxx_decltype_auto
    Feature record: CXX_FEATURE:1cxx_decltype_incomplete_return_types
    Feature record: CXX_FEATURE:1cxx_default_function_template_args
    Feature record: CXX_FEATURE:1cxx_defaulted_functions
    Feature record: CXX_FEATURE:1cxx_defaulted_move_initializers
    Feature record: CXX_FEATURE:1cxx_delegating_constructors
    Feature record: CXX_FEATURE:1cxx_deleted_functions
    Feature record: CXX_FEATURE:1cxx_digit_separators
    Feature record: CXX_FEATURE:1cxx_enum_forward_declarations
    Feature record: CXX_FEATURE:1cxx_explicit_conversions
    Feature record: CXX_FEATURE:1cxx_extended_friend_declarations
    Feature record: CXX_FEATURE:1cxx_extern_templates
    Feature record: CXX_FEATURE:1cxx_final
    Feature record: CXX_FEATURE:1cxx_func_identifier
    Feature record: CXX_FEATURE:1cxx_generalized_initializers
    Feature record: CXX_FEATURE:1cxx_generic_lambdas
    Feature record: CXX_FEATURE:1cxx_inheriting_constructors
    Feature record: CXX_FEATURE:1cxx_inline_namespaces
    Feature record: CXX_FEATURE:1cxx_lambdas
    Feature record: CXX_FEATURE:1cxx_lambda_init_captures
    Feature record: CXX_FEATURE:1cxx_local_type_template_args
    Feature record: CXX_FEATURE:1cxx_long_long_type
    Feature record: CXX_FEATURE:1cxx_noexcept
    Feature record: CXX_FEATURE:1cxx_nonstatic_member_init
    Feature record: CXX_FEATURE:1cxx_nullptr
    Feature record: CXX_FEATURE:1cxx_override
    Feature record: CXX_FEATURE:1cxx_range_for
    Feature record: CXX_FEATURE:1cxx_raw_string_literals
    Feature record: CXX_FEATURE:1cxx_reference_qualified_functions
    Feature record: CXX_FEATURE:1cxx_relaxed_constexpr
    Feature record: CXX_FEATURE:1cxx_return_type_deduction
    Feature record: CXX_FEATURE:1cxx_right_angle_brackets
    Feature record: CXX_FEATURE:1cxx_rvalue_references
    Feature record: CXX_FEATURE:1cxx_sizeof_member
    Feature record: CXX_FEATURE:1cxx_static_assert
    Feature record: CXX_FEATURE:1cxx_strong_enums
    Feature record: CXX_FEATURE:1cxx_template_template_parameters
    Feature record: CXX_FEATURE:1cxx_thread_local
    Feature record: CXX_FEATURE:1cxx_trailing_return_types
    Feature record: CXX_FEATURE:1cxx_unicode_literals
    Feature record: CXX_FEATURE:1cxx_uniform_initialization
    Feature record: CXX_FEATURE:1cxx_unrestricted_unions
    Feature record: CXX_FEATURE:1cxx_user_literals
    Feature record: CXX_FEATURE:1cxx_variable_templates
    Feature record: CXX_FEATURE:1cxx_variadic_macros
    Feature record: CXX_FEATURE:1cxx_variadic_templates


Detecting CXX [-std=c++11] compiler features compiled with the following output:
Change Dir: /mnt/d/demo/build/CMakeFiles/CMakeTmp

Run Build Command:"/usr/bin/make" "cmTC_58557/fast"
/usr/bin/make -f CMakeFiles/cmTC_58557.dir/build.make CMakeFiles/cmTC_58557.dir/build
make[1]: Entering directory '/mnt/d/demo/build/CMakeFiles/CMakeTmp'
Building CXX object CMakeFiles/cmTC_58557.dir/feature_tests.cxx.o
/mnt/d/clangllvm/bin/clang    -nostdlib -gdwarf-2 -fshort-enums -mcpu=cortex-m7 -mthumb -mfpu=fpv5-d16 -mfloat-abi=hard  -O2 -Wall -fdata-sections -ffunction-sections -g -I/mnt/d/gcc-arm-none-eabi-8-2019-q3-update/arm-none-eabi/include -fmessage-length=0 -target arm-none-eabi -std=c++11     -std=c++11 -o CMakeFiles/cmTC_58557.dir/feature_tests.cxx.o -c /mnt/d/demo/build/CMakeFiles/feature_tests.cxx
Linking CXX static library libcmTC_58557.a
/usr/bin/cmake -P CMakeFiles/cmTC_58557.dir/cmake_clean_target.cmake
/usr/bin/cmake -E cmake_link_script CMakeFiles/cmTC_58557.dir/link.txt --verbose=1
/usr/bin/ar qc libcmTC_58557.a  CMakeFiles/cmTC_58557.dir/feature_tests.cxx.o
/usr/bin/ranlib libcmTC_58557.a
make[1]: Leaving directory '/mnt/d/demo/build/CMakeFiles/CMakeTmp'


    Feature record: CXX_FEATURE:0cxx_aggregate_default_initializers
    Feature record: CXX_FEATURE:1cxx_alias_templates
    Feature record: CXX_FEATURE:1cxx_alignas
    Feature record: CXX_FEATURE:1cxx_alignof
    Feature record: CXX_FEATURE:1cxx_attributes
    Feature record: CXX_FEATURE:0cxx_attribute_deprecated
    Feature record: CXX_FEATURE:1cxx_auto_type
    Feature record: CXX_FEATURE:0cxx_binary_literals
    Feature record: CXX_FEATURE:1cxx_constexpr
    Feature record: CXX_FEATURE:0cxx_contextual_conversions
    Feature record: CXX_FEATURE:1cxx_decltype
    Feature record: CXX_FEATURE:0cxx_decltype_auto
    Feature record: CXX_FEATURE:1cxx_decltype_incomplete_return_types
    Feature record: CXX_FEATURE:1cxx_default_function_template_args
    Feature record: CXX_FEATURE:1cxx_defaulted_functions
    Feature record: CXX_FEATURE:1cxx_defaulted_move_initializers
    Feature record: CXX_FEATURE:1cxx_delegating_constructors
    Feature record: CXX_FEATURE:1cxx_deleted_functions
    Feature record: CXX_FEATURE:0cxx_digit_separators
    Feature record: CXX_FEATURE:1cxx_enum_forward_declarations
    Feature record: CXX_FEATURE:1cxx_explicit_conversions
    Feature record: CXX_FEATURE:1cxx_extended_friend_declarations
    Feature record: CXX_FEATURE:1cxx_extern_templates
    Feature record: CXX_FEATURE:1cxx_final
    Feature record: CXX_FEATURE:1cxx_func_identifier
    Feature record: CXX_FEATURE:1cxx_generalized_initializers
    Feature record: CXX_FEATURE:0cxx_generic_lambdas
    Feature record: CXX_FEATURE:1cxx_inheriting_constructors
    Feature record: CXX_FEATURE:1cxx_inline_namespaces
    Feature record: CXX_FEATURE:1cxx_lambdas
    Feature record: CXX_FEATURE:0cxx_lambda_init_captures
    Feature record: CXX_FEATURE:1cxx_local_type_template_args
    Feature record: CXX_FEATURE:1cxx_long_long_type
    Feature record: CXX_FEATURE:1cxx_noexcept
    Feature record: CXX_FEATURE:1cxx_nonstatic_member_init
    Feature record: CXX_FEATURE:1cxx_nullptr
    Feature record: CXX_FEATURE:1cxx_override
    Feature record: CXX_FEATURE:1cxx_range_for
    Feature record: CXX_FEATURE:1cxx_raw_string_literals
    Feature record: CXX_FEATURE:1cxx_reference_qualified_functions
    Feature record: CXX_FEATURE:0cxx_relaxed_constexpr
    Feature record: CXX_FEATURE:0cxx_return_type_deduction
    Feature record: CXX_FEATURE:1cxx_right_angle_brackets
    Feature record: CXX_FEATURE:1cxx_rvalue_references
    Feature record: CXX_FEATURE:1cxx_sizeof_member
    Feature record: CXX_FEATURE:1cxx_static_assert
    Feature record: CXX_FEATURE:1cxx_strong_enums
    Feature record: CXX_FEATURE:1cxx_template_template_parameters
    Feature record: CXX_FEATURE:1cxx_thread_local
    Feature record: CXX_FEATURE:1cxx_trailing_return_types
    Feature record: CXX_FEATURE:1cxx_unicode_literals
    Feature record: CXX_FEATURE:1cxx_uniform_initialization
    Feature record: CXX_FEATURE:1cxx_unrestricted_unions
    Feature record: CXX_FEATURE:1cxx_user_literals
    Feature record: CXX_FEATURE:0cxx_variable_templates
    Feature record: CXX_FEATURE:1cxx_variadic_macros
    Feature record: CXX_FEATURE:1cxx_variadic_templates


Detecting CXX [-std=c++98] compiler features compiled with the following output:
Change Dir: /mnt/d/demo/build/CMakeFiles/CMakeTmp

Run Build Command:"/usr/bin/make" "cmTC_5e863/fast"
/usr/bin/make -f CMakeFiles/cmTC_5e863.dir/build.make CMakeFiles/cmTC_5e863.dir/build
make[1]: Entering directory '/mnt/d/demo/build/CMakeFiles/CMakeTmp'
Building CXX object CMakeFiles/cmTC_5e863.dir/feature_tests.cxx.o
/mnt/d/clangllvm/bin/clang    -nostdlib -gdwarf-2 -fshort-enums -mcpu=cortex-m7 -mthumb -mfpu=fpv5-d16 -mfloat-abi=hard  -O2 -Wall -fdata-sections -ffunction-sections -g -I/mnt/d/gcc-arm-none-eabi-8-2019-q3-update/arm-none-eabi/include -fmessage-length=0 -target arm-none-eabi -std=c++11     -std=c++98 -o CMakeFiles/cmTC_5e863.dir/feature_tests.cxx.o -c /mnt/d/demo/build/CMakeFiles/feature_tests.cxx
Linking CXX static library libcmTC_5e863.a
/usr/bin/cmake -P CMakeFiles/cmTC_5e863.dir/cmake_clean_target.cmake
/usr/bin/cmake -E cmake_link_script CMakeFiles/cmTC_5e863.dir/link.txt --verbose=1
/usr/bin/ar qc libcmTC_5e863.a  CMakeFiles/cmTC_5e863.dir/feature_tests.cxx.o
/usr/bin/ranlib libcmTC_5e863.a
make[1]: Leaving directory '/mnt/d/demo/build/CMakeFiles/CMakeTmp'


    Feature record: CXX_FEATURE:0cxx_aggregate_default_initializers
    Feature record: CXX_FEATURE:0cxx_alias_templates
    Feature record: CXX_FEATURE:0cxx_alignas
    Feature record: CXX_FEATURE:0cxx_alignof
    Feature record: CXX_FEATURE:0cxx_attributes
    Feature record: CXX_FEATURE:0cxx_attribute_deprecated
    Feature record: CXX_FEATURE:0cxx_auto_type
    Feature record: CXX_FEATURE:0cxx_binary_literals
    Feature record: CXX_FEATURE:0cxx_constexpr
    Feature record: CXX_FEATURE:0cxx_contextual_conversions
    Feature record: CXX_FEATURE:0cxx_decltype
    Feature record: CXX_FEATURE:0cxx_decltype_auto
    Feature record: CXX_FEATURE:0cxx_decltype_incomplete_return_types
    Feature record: CXX_FEATURE:0cxx_default_function_template_args
    Feature record: CXX_FEATURE:0cxx_defaulted_functions
    Feature record: CXX_FEATURE:0cxx_defaulted_move_initializers
    Feature record: CXX_FEATURE:0cxx_delegating_constructors
    Feature record: CXX_FEATURE:0cxx_deleted_functions
    Feature record: CXX_FEATURE:0cxx_digit_separators
    Feature record: CXX_FEATURE:0cxx_enum_forward_declarations
    Feature record: CXX_FEATURE:0cxx_explicit_conversions
    Feature record: CXX_FEATURE:0cxx_extended_friend_declarations
    Feature record: CXX_FEATURE:0cxx_extern_templates
    Feature record: CXX_FEATURE:0cxx_final
    Feature record: CXX_FEATURE:0cxx_func_identifier
    Feature record: CXX_FEATURE:0cxx_generalized_initializers
    Feature record: CXX_FEATURE:0cxx_generic_lambdas
    Feature record: CXX_FEATURE:0cxx_inheriting_constructors
    Feature record: CXX_FEATURE:0cxx_inline_namespaces
    Feature record: CXX_FEATURE:0cxx_lambdas
    Feature record: CXX_FEATURE:0cxx_lambda_init_captures
    Feature record: CXX_FEATURE:0cxx_local_type_template_args
    Feature record: CXX_FEATURE:0cxx_long_long_type
    Feature record: CXX_FEATURE:0cxx_noexcept
    Feature record: CXX_FEATURE:0cxx_nonstatic_member_init
    Feature record: CXX_FEATURE:0cxx_nullptr
    Feature record: CXX_FEATURE:0cxx_override
    Feature record: CXX_FEATURE:0cxx_range_for
    Feature record: CXX_FEATURE:0cxx_raw_string_literals
    Feature record: CXX_FEATURE:0cxx_reference_qualified_functions
    Feature record: CXX_FEATURE:0cxx_relaxed_constexpr
    Feature record: CXX_FEATURE:0cxx_return_type_deduction
    Feature record: CXX_FEATURE:0cxx_right_angle_brackets
    Feature record: CXX_FEATURE:0cxx_rvalue_references
    Feature record: CXX_FEATURE:0cxx_sizeof_member
    Feature record: CXX_FEATURE:0cxx_static_assert
    Feature record: CXX_FEATURE:0cxx_strong_enums
    Feature record: CXX_FEATURE:1cxx_template_template_parameters
    Feature record: CXX_FEATURE:0cxx_thread_local
    Feature record: CXX_FEATURE:0cxx_trailing_return_types
    Feature record: CXX_FEATURE:0cxx_unicode_literals
    Feature record: CXX_FEATURE:0cxx_uniform_initialization
    Feature record: CXX_FEATURE:0cxx_unrestricted_unions
    Feature record: CXX_FEATURE:0cxx_user_literals
    Feature record: CXX_FEATURE:0cxx_variable_templates
    Feature record: CXX_FEATURE:0cxx_variadic_macros
    Feature record: CXX_FEATURE:0cxx_variadic_templates
